<?xml version="1.0" encoding="UTF-8"?>
<!-- Generated by org.testng.reporters.JUnitReportReporter -->
<testsuite hostname="DESKTOP-QNHJ5Q7" failures="0" tests="1" name="nopCommcustomers.NOPCommCustomersTest" time="5.093" errors="0" timestamp="2023-10-12T23:26:58 PDT" skipped="0">
  <testcase classname="nopCommcustomers.NOPCommCustomersTest" name="verifyCustomerssearch" time="5.093"/>
</testsuite> <!-- nopCommcustomers.NOPCommCustomersTest -->
