<?xml version="1.0" encoding="UTF-8"?>
<!-- Generated by org.testng.reporters.JUnitReportReporter -->
<testsuite hostname="DESKTOP-QNHJ5Q7" failures="0" tests="1" name="takeScreenshotExample.AmazonTakeScreenshotExample" time="6.459" errors="0" timestamp="2023-10-11T06:42:10 PDT" skipped="0">
  <testcase classname="takeScreenshotExample.AmazonTakeScreenshotExample" name="verifySearchFeature" time="6.459"/>
</testsuite> <!-- takeScreenshotExample.AmazonTakeScreenshotExample -->
