<?xml version="1.0" encoding="UTF-8"?>
<!-- Generated by org.testng.reporters.JUnitReportReporter -->
<testsuite hostname="DESKTOP-QNHJ5Q7" failures="0" tests="1" name="execiseJavaScriptExe.MyntraApp" time="0.062" errors="0" timestamp="2023-10-11T06:15:16 PDT" skipped="0">
  <testcase classname="execiseJavaScriptExe.MyntraApp" name="verifyLoginFeature" time="0.062"/>
</testsuite> <!-- execiseJavaScriptExe.MyntraApp -->
