<?xml version="1.0" encoding="UTF-8"?>
<!-- Generated by org.testng.reporters.JUnitReportReporter -->
<testsuite hostname="DESKTOP-QNHJ5Q7" failures="0" tests="3" name="testNGExample.TestNGAnnotationExample" time="0.022" errors="0" timestamp="2023-10-10T23:12:30 PDT" skipped="0">
  <testcase classname="testNGExample.TestNGAnnotationExample" name="login" time="0.012"/>
  <testcase classname="testNGExample.TestNGAnnotationExample" name="logout" time="0.002"/>
  <testcase classname="testNGExample.TestNGAnnotationExample" name="addItem" time="0.008"/>
</testsuite> <!-- testNGExample.TestNGAnnotationExample -->
