<?xml version="1.0" encoding="UTF-8"?>
<!-- Generated by org.testng.reporters.JUnitReportReporter -->
<testsuite hostname="DESKTOP-QNHJ5Q7" failures="0" tests="1" name="alertExample.HandleAlertExample" time="10.962" errors="0" timestamp="2023-10-09T06:39:10 PDT" skipped="0">
  <testcase classname="alertExample.HandleAlertExample" name="promptAlert" time="10.962"/>
</testsuite> <!-- alertExample.HandleAlertExample -->
