<?xml version="1.0" encoding="UTF-8"?>
<!-- Generated by org.testng.reporters.JUnitReportReporter -->
<testsuite hostname="DESKTOP-QNHJ5Q7" failures="0" tests="1" name="execiseToolsQA.ToolQASubmitTest" time="0.050" errors="0" timestamp="2023-10-11T06:09:03 PDT" skipped="0">
  <testcase classname="execiseToolsQA.ToolQASubmitTest" name="clicksubmitTest" time="0.050"/>
</testsuite> <!-- execiseToolsQA.ToolQASubmitTest -->
