<?xml version="1.0" encoding="UTF-8"?>
<!-- Generated by org.testng.reporters.JUnitReportReporter -->
<testsuite hostname="MSI" failures="0" tests="1" name="exerciseExample.FlipkartExample" time="0.155" errors="0" timestamp="2023-10-09T13:01:40 IST" skipped="0">
  <testcase classname="exerciseExample.FlipkartExample" name="verifytest" time="0.155"/>
</testsuite> <!-- exerciseExample.FlipkartExample -->
