<?xml version="1.0" encoding="UTF-8"?>
<!-- Generated by org.testng.reporters.JUnitReportReporter -->
<testsuite hostname="DESKTOP-QNHJ5Q7" failures="0" tests="4" name="ddtExample.NopComm_DDTTest" time="24.945" errors="0" timestamp="2023-10-11T00:02:35 PDT" skipped="0">
  <testcase classname="ddtExample.NopComm_DDTTest" name="verifyLoginFeature" time="6.225"/>
  <testcase classname="ddtExample.NopComm_DDTTest" name="verifyLoginFeature" time="6.215"/>
  <testcase classname="ddtExample.NopComm_DDTTest" name="verifyLoginFeature" time="6.291"/>
  <testcase classname="ddtExample.NopComm_DDTTest" name="verifyLoginFeature" time="6.214"/>
</testsuite> <!-- ddtExample.NopComm_DDTTest -->
