<?xml version="1.0" encoding="UTF-8"?>
<!-- Generated by org.testng.reporters.JUnitReportReporter -->
<testsuite hostname="MSI" failures="0" tests="1" name="handleframe.DemoApp_Frame" time="0.169" errors="0" timestamp="2023-10-09T13:28:17 IST" skipped="0">
  <testcase classname="handleframe.DemoApp_Frame" name="verifyImage" time="0.169"/>
</testsuite> <!-- handleframe.DemoApp_Frame -->
