<?xml version="1.0" encoding="UTF-8"?>
<!-- Generated by org.testng.reporters.JUnitReportReporter -->
<testsuite hostname="DESKTOP-QNHJ5Q7" failures="0" tests="1" name="takeScreenshotExample.AmazonTakeScreenshotExample" time="6.849" errors="0" timestamp="2023-10-24T23:17:09 PDT" skipped="0">
  <testcase classname="takeScreenshotExample.AmazonTakeScreenshotExample" name="verifySearchFeature" time="6.849"/>
</testsuite> <!-- takeScreenshotExample.AmazonTakeScreenshotExample -->
